<?xml version="1.0" encoding="UTF-8"?>
<testsuite name="com.digows.blank.test.domain.service.ProdutoServiceIntegrationTests" time="4.554" tests="11" errors="0" skipped="0" failures="0">
  <properties>
[...]
</properties>
  <testcase name="findProdutoByIdMustPass" classname="com.digows.blank.test.domain.service.ProdutoServiceIntegrationTests" time="0.426"/>
  <testcase name="findProdutoByIdMustFailWithInvalidProdutoId" classname="com.digows.blank.test.domain.service.ProdutoServiceIntegrationTests" time="0.417"/>
  <testcase name="listProdutosByFiltersMustReturnAllProdutoWithNullFilter" classname="com.digows.blank.test.domain.service.ProdutoServiceIntegrationTests" time="0.386"/>
  <testcase name="listProdutosByFiltersMustReturn0ProdutoWithInvalidFilter" classname="com.digows.blank.test.domain.service.ProdutoServiceIntegrationTests" time="0.49"/>
  <testcase name="updateProdutoMustFail" classname="com.digows.blank.test.domain.service.ProdutoServiceIntegrationTests" time="0.403"/>
  <testcase name="updateProdutoMustPass" classname="com.digows.blank.test.domain.service.ProdutoServiceIntegrationTests" time="0.414"/>
  <testcase name="listProdutosByFiltersMustReturn1Produto" classname="com.digows.blank.test.domain.service.ProdutoServiceIntegrationTests" time="0.394"/>
  <testcase name="insertProdutoMustPass" classname="com.digows.blank.test.domain.service.ProdutoServiceIntegrationTests" time="0.411"/>
  <testcase name="removeProdutoMustFail" classname="com.digows.blank.test.domain.service.ProdutoServiceIntegrationTests" time="0.426"/>
  <testcase name="removeProdutoMustPass" classname="com.digows.blank.test.domain.service.ProdutoServiceIntegrationTests" time="0.414"/>
  <testcase name="insertProdutoMustFailWithNullFields" classname="com.digows.blank.test.domain.service.ProdutoServiceIntegrationTests" time="0.373"/>
</testsuite>